# JRE version: Java(TM) SE Runtime Environment (8.0_101-b13) (build 1.8.0_101-b13)
# Java VM: Java HotSpot(TM) 64-Bit Server VM (25.101-b13 mixed mode bsd-amd64 compressed oops)
Heap:
 PSYoungGen      total 589312K, used 18209K [0x0000000795580000, 0x00000007c0000000, 0x00000007c0000000)
  eden space 576512K, 3% used [0x0000000795580000,0x00000007966e82f8,0x00000007b8880000)
  from space 12800K, 3% used [0x00000007b8880000,0x00000007b88e0260,0x00000007b9500000)
  to   space 13312K, 0% used [0x00000007bf300000,0x00000007bf300000,0x00000007c0000000)
 ParOldGen       total 58368K, used 26573K [0x0000000740000000, 0x0000000743900000, 0x0000000795580000)
  object space 58368K, 45% used [0x0000000740000000,0x00000007419f3660,0x0000000743900000)
 Metaspace       used 29937K, capacity 31634K, committed 31744K, reserved 1077248K
  class space    used 3913K, capacity 4250K, committed 4352K, reserved 1048576K
GC Heap History (10 events):
Event: 135.452 GC heap before
{Heap before GC invocations=10 (full 1):
 PSYoungGen      total 257024K, used 251958K [0x0000000795580000, 0x00000007a5f00000, 0x00000007c0000000)
  eden space 246272K, 100% used [0x0000000795580000,0x00000007a4600000,0x00000007a4600000)
  from space 10752K, 52% used [0x00000007a5480000,0x00000007a5a0d818,0x00000007a5f00000)
  to   space 12800K, 0% used [0x00000007a4600000,0x00000007a4600000,0x00000007a5280000)
 ParOldGen       total 58368K, used 14784K [0x0000000740000000, 0x0000000743900000, 0x0000000795580000)
  object space 58368K, 25% used [0x0000000740000000,0x0000000740e700f0,0x0000000743900000)
 Metaspace       used 29732K, capacity 31428K, committed 31744K, reserved 1077248K
  class space    used 3909K, capacity 4245K, committed 4352K, reserved 1048576K
Event: 135.462 GC heap after
Heap after GC invocations=10 (full 1):
 PSYoungGen      total 259072K, used 8884K [0x0000000795580000, 0x00000007ae680000, 0x00000007c0000000)
  eden space 246272K, 0% used [0x0000000795580000,0x0000000795580000,0x00000007a4600000)
  from space 12800K, 69% used [0x00000007a4600000,0x00000007a4ead000,0x00000007a5280000)
  to   space 13312K, 0% used [0x00000007ad980000,0x00000007ad980000,0x00000007ae680000)
 ParOldGen       total 58368K, used 17123K [0x0000000740000000, 0x0000000743900000, 0x0000000795580000)
  object space 58368K, 29% used [0x0000000740000000,0x00000007410b8c70,0x0000000743900000)
 Metaspace       used 29732K, capacity 31428K, committed 31744K, reserved 1077248K
  class space    used 3909K, capacity 4245K, committed 4352K, reserved 1048576K
}
Event: 138.789 GC heap before
{Heap before GC invocations=11 (full 1):
 PSYoungGen      total 259072K, used 255156K [0x0000000795580000, 0x00000007ae680000, 0x00000007c0000000)
  eden space 246272K, 100% used [0x0000000795580000,0x00000007a4600000,0x00000007a4600000)
  from space 12800K, 69% used [0x00000007a4600000,0x00000007a4ead000,0x00000007a5280000)
  to   space 13312K, 0% used [0x00000007ad980000,0x00000007ad980000,0x00000007ae680000)
 ParOldGen       total 58368K, used 17123K [0x0000000740000000, 0x0000000743900000, 0x0000000795580000)
  object space 58368K, 29% used [0x0000000740000000,0x00000007410b8c70,0x0000000743900000)
 Metaspace       used 29758K, capacity 31428K, committed 31744K, reserved 1077248K
  class space    used 3909K, capacity 4245K, committed 4352K, reserved 1048576K
Event: 138.794 GC heap after
Heap after GC invocations=11 (full 1):
 PSYoungGen      total 390144K, used 5929K [0x0000000795580000, 0x00000007ae280000, 0x00000007c0000000)
  eden space 380928K, 0% used [0x0000000795580000,0x0000000795580000,0x00000007ac980000)
  from space 9216K, 64% used [0x00000007ad980000,0x00000007adf4a568,0x00000007ae280000)
  to   space 12800K, 0% used [0x00000007ac980000,0x00000007ac980000,0x00000007ad600000)
 ParOldGen       total 58368K, used 18671K [0x0000000740000000, 0x0000000743900000, 0x0000000795580000)
  object space 58368K, 31% used [0x0000000740000000,0x000000074123bd98,0x0000000743900000)
 Metaspace       used 29758K, capacity 31428K, committed 31744K, reserved 1077248K
  class space    used 3909K, capacity 4245K, committed 4352K, reserved 1048576K
}
Event: 141.795 GC heap before
{Heap before GC invocations=12 (full 1):
 PSYoungGen      total 390144K, used 386857K [0x0000000795580000, 0x00000007ae280000, 0x00000007c0000000)
  eden space 380928K, 100% used [0x0000000795580000,0x00000007ac980000,0x00000007ac980000)
  from space 9216K, 64% used [0x00000007ad980000,0x00000007adf4a568,0x00000007ae280000)
  to   space 12800K, 0% used [0x00000007ac980000,0x00000007ac980000,0x00000007ad600000)
 ParOldGen       total 58368K, used 18671K [0x0000000740000000, 0x0000000743900000, 0x0000000795580000)
  object space 58368K, 31% used [0x0000000740000000,0x000000074123bd98,0x0000000743900000)
 Metaspace       used 29826K, capacity 31506K, committed 31744K, reserved 1077248K
  class space    used 3912K, capacity 4250K, committed 4352K, reserved 1048576K
Event: 141.800 GC heap after
Heap after GC invocations=12 (full 1):
 PSYoungGen      total 393728K, used 2545K [0x0000000795580000, 0x00000007ba880000, 0x00000007c0000000)
  eden space 380928K, 0% used [0x0000000795580000,0x0000000795580000,0x00000007ac980000)
  from space 12800K, 19% used [0x00000007ac980000,0x00000007acbfc5e0,0x00000007ad600000)
  to   space 12800K, 0% used [0x00000007b9c00000,0x00000007b9c00000,0x00000007ba880000)
 ParOldGen       total 58368K, used 24301K [0x0000000740000000, 0x0000000743900000, 0x0000000795580000)
  object space 58368K, 41% used [0x0000000740000000,0x00000007417bb548,0x0000000743900000)
 Metaspace       used 29826K, capacity 31506K, committed 31744K, reserved 1077248K
  class space    used 3912K, capacity 4250K, committed 4352K, reserved 1048576K
}
Event: 145.149 GC heap before
{Heap before GC invocations=13 (full 1):
 PSYoungGen      total 393728K, used 383473K [0x0000000795580000, 0x00000007ba880000, 0x00000007c0000000)
  eden space 380928K, 100% used [0x0000000795580000,0x00000007ac980000,0x00000007ac980000)
  from space 12800K, 19% used [0x00000007ac980000,0x00000007acbfc5e0,0x00000007ad600000)
  to   space 12800K, 0% used [0x00000007b9c00000,0x00000007b9c00000,0x00000007ba880000)
 ParOldGen       total 58368K, used 24301K [0x0000000740000000, 0x0000000743900000, 0x0000000795580000)
  object space 58368K, 41% used [0x0000000740000000,0x00000007417bb548,0x0000000743900000)
 Metaspace       used 29917K, capacity 31634K, committed 31744K, reserved 1077248K
  class space    used 3913K, capacity 4250K, committed 4352K, reserved 1048576K
Event: 145.155 GC heap after
Heap after GC invocations=13 (full 1):
 PSYoungGen      total 582144K, used 626K [0x0000000795580000, 0x00000007ba180000, 0x00000007c0000000)
  eden space 576512K, 0% used [0x0000000795580000,0x0000000795580000,0x00000007b8880000)
  from space 5632K, 11% used [0x00000007b9c00000,0x00000007b9c9c910,0x00000007ba180000)
  to   space 12800K, 0% used [0x00000007b8880000,0x00000007b8880000,0x00000007b9500000)
 ParOldGen       total 58368K, used 26336K [0x0000000740000000, 0x0000000743900000, 0x0000000795580000)
  object space 58368K, 45% used [0x0000000740000000,0x00000007419b8170,0x0000000743900000)
 Metaspace       used 29917K, capacity 31634K, committed 31744K, reserved 1077248K
  class space    used 3913K, capacity 4250K, committed 4352K, reserved 1048576K
}
Event: 147.701 GC heap before
{Heap before GC invocations=14 (full 1):
 PSYoungGen      total 582144K, used 577138K [0x0000000795580000, 0x00000007ba180000, 0x00000007c0000000)
  eden space 576512K, 100% used [0x0000000795580000,0x00000007b8880000,0x00000007b8880000)
  from space 5632K, 11% used [0x00000007b9c00000,0x00000007b9c9c910,0x00000007ba180000)
  to   space 12800K, 0% used [0x00000007b8880000,0x00000007b8880000,0x00000007b9500000)
 ParOldGen       total 58368K, used 26336K [0x0000000740000000, 0x0000000743900000, 0x0000000795580000)
  object space 58368K, 45% used [0x0000000740000000,0x00000007419b8170,0x0000000743900000)
 Metaspace       used 29937K, capacity 31634K, committed 31744K, reserved 1077248K
  class space    used 3913K, capacity 4250K, committed 4352K, reserved 1048576K
Event: 147.703 GC heap after
Heap after GC invocations=14 (full 1):
 PSYoungGen      total 589312K, used 384K [0x0000000795580000, 0x00000007c0000000, 0x00000007c0000000)
  eden space 576512K, 0% used [0x0000000795580000,0x0000000795580000,0x00000007b8880000)
  from space 12800K, 3% used [0x00000007b8880000,0x00000007b88e0260,0x00000007b9500000)
  to   space 13312K, 0% used [0x00000007bf300000,0x00000007bf300000,0x00000007c0000000)
 ParOldGen       total 58368K, used 26573K [0x0000000740000000, 0x0000000743900000, 0x0000000795580000)
  object space 58368K, 45% used [0x0000000740000000,0x00000007419f3660,0x0000000743900000)
 Metaspace       used 29937K, capacity 31634K, committed 31744K, reserved 1077248K
  class space    used 3913K, capacity 4250K, committed 4352K, reserved 1048576K
}

