# JRE version: Java(TM) SE Runtime Environment (8.0_101-b13) (build 1.8.0_101-b13)
# Java VM: Java HotSpot(TM) 64-Bit Server VM (25.101-b13 mixed mode bsd-amd64 compressed oops)
Heap:
 PSYoungGen      total 584704K, used 123605K [0x0000000795580000, 0x00000007c0000000, 0x00000007c0000000)
  eden space 571904K, 21% used [0x0000000795580000,0x000000079ce0c9c0,0x00000007b8400000)
  from space 12800K, 1% used [0x00000007b8400000,0x00000007b8428b00,0x00000007b9080000)
  to   space 12800K, 0% used [0x00000007bf380000,0x00000007bf380000,0x00000007c0000000)
 ParOldGen       total 59392K, used 21772K [0x0000000740000000, 0x0000000743a00000, 0x0000000795580000)
  object space 59392K, 36% used [0x0000000740000000,0x0000000741543040,0x0000000743a00000)
 Metaspace       used 28770K, capacity 30340K, committed 30592K, reserved 1075200K
  class space    used 3807K, capacity 4111K, committed 4224K, reserved 1048576K
GC Heap History (10 events):
Event: 65.851 GC heap before
{Heap before GC invocations=10 (full 1):
 PSYoungGen      total 251392K, used 245740K [0x0000000795580000, 0x00000007a5980000, 0x00000007c0000000)
  eden space 240640K, 100% used [0x0000000795580000,0x00000007a4080000,0x00000007a4080000)
  from space 10752K, 47% used [0x00000007a4f00000,0x00000007a53fb008,0x00000007a5980000)
  to   space 12800K, 0% used [0x00000007a4080000,0x00000007a4080000,0x00000007a4d00000)
 ParOldGen       total 59392K, used 15448K [0x0000000740000000, 0x0000000743a00000, 0x0000000795580000)
  object space 59392K, 26% used [0x0000000740000000,0x0000000740f160d8,0x0000000743a00000)
 Metaspace       used 28614K, capacity 30078K, committed 30336K, reserved 1075200K
  class space    used 3806K, capacity 4110K, committed 4224K, reserved 1048576K
Event: 65.860 GC heap after
Heap after GC invocations=10 (full 1):
 PSYoungGen      total 253440K, used 5576K [0x0000000795580000, 0x00000007add80000, 0x00000007c0000000)
  eden space 240640K, 0% used [0x0000000795580000,0x0000000795580000,0x00000007a4080000)
  from space 12800K, 43% used [0x00000007a4080000,0x00000007a45f20d8,0x00000007a4d00000)
  to   space 12288K, 0% used [0x00000007ad180000,0x00000007ad180000,0x00000007add80000)
 ParOldGen       total 59392K, used 16056K [0x0000000740000000, 0x0000000743a00000, 0x0000000795580000)
  object space 59392K, 27% used [0x0000000740000000,0x0000000740fae120,0x0000000743a00000)
 Metaspace       used 28614K, capacity 30078K, committed 30336K, reserved 1075200K
  class space    used 3806K, capacity 4110K, committed 4224K, reserved 1048576K
}
Event: 67.726 GC heap before
{Heap before GC invocations=11 (full 1):
 PSYoungGen      total 253440K, used 246216K [0x0000000795580000, 0x00000007add80000, 0x00000007c0000000)
  eden space 240640K, 100% used [0x0000000795580000,0x00000007a4080000,0x00000007a4080000)
  from space 12800K, 43% used [0x00000007a4080000,0x00000007a45f20d8,0x00000007a4d00000)
  to   space 12288K, 0% used [0x00000007ad180000,0x00000007ad180000,0x00000007add80000)
 ParOldGen       total 59392K, used 16056K [0x0000000740000000, 0x0000000743a00000, 0x0000000795580000)
  object space 59392K, 27% used [0x0000000740000000,0x0000000740fae120,0x0000000743a00000)
 Metaspace       used 28665K, capacity 30148K, committed 30336K, reserved 1075200K
  class space    used 3807K, capacity 4111K, committed 4224K, reserved 1048576K
Event: 67.732 GC heap after
Heap after GC invocations=11 (full 1):
 PSYoungGen      total 384000K, used 2105K [0x0000000795580000, 0x00000007adb00000, 0x00000007c0000000)
  eden space 374272K, 0% used [0x0000000795580000,0x0000000795580000,0x00000007ac300000)
  from space 9728K, 21% used [0x00000007ad180000,0x00000007ad38e4d0,0x00000007adb00000)
  to   space 12288K, 0% used [0x00000007ac300000,0x00000007ac300000,0x00000007acf00000)
 ParOldGen       total 59392K, used 19704K [0x0000000740000000, 0x0000000743a00000, 0x0000000795580000)
  object space 59392K, 33% used [0x0000000740000000,0x000000074133e068,0x0000000743a00000)
 Metaspace       used 28665K, capacity 30148K, committed 30336K, reserved 1075200K
  class space    used 3807K, capacity 4111K, committed 4224K, reserved 1048576K
}
Event: 69.361 GC heap before
{Heap before GC invocations=12 (full 1):
 PSYoungGen      total 384000K, used 376377K [0x0000000795580000, 0x00000007adb00000, 0x00000007c0000000)
  eden space 374272K, 100% used [0x0000000795580000,0x00000007ac300000,0x00000007ac300000)
  from space 9728K, 21% used [0x00000007ad180000,0x00000007ad38e4d0,0x00000007adb00000)
  to   space 12288K, 0% used [0x00000007ac300000,0x00000007ac300000,0x00000007acf00000)
 ParOldGen       total 59392K, used 19704K [0x0000000740000000, 0x0000000743a00000, 0x0000000795580000)
  object space 59392K, 33% used [0x0000000740000000,0x000000074133e068,0x0000000743a00000)
 Metaspace       used 28691K, capacity 30212K, committed 30336K, reserved 1075200K
  class space    used 3807K, capacity 4111K, committed 4224K, reserved 1048576K
Event: 69.366 GC heap after
Heap after GC invocations=12 (full 1):
 PSYoungGen      total 386560K, used 128K [0x0000000795580000, 0x00000007ba280000, 0x00000007c0000000)
  eden space 374272K, 0% used [0x0000000795580000,0x0000000795580000,0x00000007ac300000)
  from space 12288K, 1% used [0x00000007ac300000,0x00000007ac320000,0x00000007acf00000)
  to   space 12800K, 0% used [0x00000007b9600000,0x00000007b9600000,0x00000007ba280000)
 ParOldGen       total 59392K, used 21732K [0x0000000740000000, 0x0000000743a00000, 0x0000000795580000)
  object space 59392K, 36% used [0x0000000740000000,0x0000000741539040,0x0000000743a00000)
 Metaspace       used 28691K, capacity 30212K, committed 30336K, reserved 1075200K
  class space    used 3807K, capacity 4111K, committed 4224K, reserved 1048576K
}
Event: 70.817 GC heap before
{Heap before GC invocations=13 (full 1):
 PSYoungGen      total 386560K, used 374400K [0x0000000795580000, 0x00000007ba280000, 0x00000007c0000000)
  eden space 374272K, 100% used [0x0000000795580000,0x00000007ac300000,0x00000007ac300000)
  from space 12288K, 1% used [0x00000007ac300000,0x00000007ac320000,0x00000007acf00000)
  to   space 12800K, 0% used [0x00000007b9600000,0x00000007b9600000,0x00000007ba280000)
 ParOldGen       total 59392K, used 21732K [0x0000000740000000, 0x0000000743a00000, 0x0000000795580000)
  object space 59392K, 36% used [0x0000000740000000,0x0000000741539040,0x0000000743a00000)
 Metaspace       used 28708K, capacity 30212K, committed 30336K, reserved 1075200K
  class space    used 3807K, capacity 4111K, committed 4224K, reserved 1048576K
Event: 70.818 GC heap after
Heap after GC invocations=13 (full 1):
 PSYoungGen      total 579072K, used 96K [0x0000000795580000, 0x00000007b9d00000, 0x00000007c0000000)
  eden space 571904K, 0% used [0x0000000795580000,0x0000000795580000,0x00000007b8400000)
  from space 7168K, 1% used [0x00000007b9600000,0x00000007b9618000,0x00000007b9d00000)
  to   space 12800K, 0% used [0x00000007b8400000,0x00000007b8400000,0x00000007b9080000)
 ParOldGen       total 59392K, used 21764K [0x0000000740000000, 0x0000000743a00000, 0x0000000795580000)
  object space 59392K, 36% used [0x0000000740000000,0x0000000741541040,0x0000000743a00000)
 Metaspace       used 28708K, capacity 30212K, committed 30336K, reserved 1075200K
  class space    used 3807K, capacity 4111K, committed 4224K, reserved 1048576K
}
Event: 72.128 GC heap before
{Heap before GC invocations=14 (full 1):
 PSYoungGen      total 579072K, used 572000K [0x0000000795580000, 0x00000007b9d00000, 0x00000007c0000000)
  eden space 571904K, 100% used [0x0000000795580000,0x00000007b8400000,0x00000007b8400000)
  from space 7168K, 1% used [0x00000007b9600000,0x00000007b9618000,0x00000007b9d00000)
  to   space 12800K, 0% used [0x00000007b8400000,0x00000007b8400000,0x00000007b9080000)
 ParOldGen       total 59392K, used 21764K [0x0000000740000000, 0x0000000743a00000, 0x0000000795580000)
  object space 59392K, 36% used [0x0000000740000000,0x0000000741541040,0x0000000743a00000)
 Metaspace       used 28719K, capacity 30276K, committed 30592K, reserved 1075200K
  class space    used 3807K, capacity 4111K, committed 4224K, reserved 1048576K
Event: 72.130 GC heap after
Heap after GC invocations=14 (full 1):
 PSYoungGen      total 584704K, used 162K [0x0000000795580000, 0x00000007c0000000, 0x00000007c0000000)
  eden space 571904K, 0% used [0x0000000795580000,0x0000000795580000,0x00000007b8400000)
  from space 12800K, 1% used [0x00000007b8400000,0x00000007b8428b00,0x00000007b9080000)
  to   space 12800K, 0% used [0x00000007bf380000,0x00000007bf380000,0x00000007c0000000)
 ParOldGen       total 59392K, used 21772K [0x0000000740000000, 0x0000000743a00000, 0x0000000795580000)
  object space 59392K, 36% used [0x0000000740000000,0x0000000741543040,0x0000000743a00000)
 Metaspace       used 28719K, capacity 30276K, committed 30592K, reserved 1075200K
  class space    used 3807K, capacity 4111K, committed 4224K, reserved 1048576K
}

