# JRE version: Java(TM) SE Runtime Environment (8.0_101-b13) (build 1.8.0_101-b13)
# Java VM: Java HotSpot(TM) 64-Bit Server VM (25.101-b13 mixed mode bsd-amd64 compressed oops)
Heap:
 PSYoungGen      total 282112K, used 194735K [0x0000000795580000, 0x00000007b0d80000, 0x00000007c0000000)
  eden space 269824K, 70% used [0x0000000795580000,0x00000007a0eb7590,0x00000007a5d00000)
  from space 12288K, 41% used [0x00000007a5d00000,0x00000007a61f4a08,0x00000007a6900000)
  to   space 11776K, 0% used [0x00000007b0200000,0x00000007b0200000,0x00000007b0d80000)
 ParOldGen       total 56320K, used 22671K [0x0000000740000000, 0x0000000743700000, 0x0000000795580000)
  object space 56320K, 40% used [0x0000000740000000,0x0000000741623ef8,0x0000000743700000)
 Metaspace       used 29845K, capacity 31522K, committed 31616K, reserved 1077248K
  class space    used 3905K, capacity 4210K, committed 4224K, reserved 1048576K
GC Heap History (10 events):
Event: 52.056 GC heap before
{Heap before GC invocations=12 (full 1):
 PSYoungGen      total 119808K, used 106931K [0x0000000795580000, 0x000000079d780000, 0x00000007c0000000)
  eden space 106496K, 100% used [0x0000000795580000,0x000000079bd80000,0x000000079bd80000)
  from space 13312K, 3% used [0x000000079ca80000,0x000000079caecf60,0x000000079d780000)
  to   space 13312K, 0% used [0x000000079bd80000,0x000000079bd80000,0x000000079ca80000)
 ParOldGen       total 56320K, used 17687K [0x0000000740000000, 0x0000000743700000, 0x0000000795580000)
  object space 56320K, 31% used [0x0000000740000000,0x0000000741145f08,0x0000000743700000)
 Metaspace       used 29156K, capacity 30808K, committed 31104K, reserved 1077248K
  class space    used 3880K, capacity 4181K, committed 4224K, reserved 1048576K
Event: 52.066 GC heap after
Heap after GC invocations=12 (full 1):
 PSYoungGen      total 119808K, used 3208K [0x0000000795580000, 0x00000007a1480000, 0x00000007c0000000)
  eden space 106496K, 0% used [0x0000000795580000,0x0000000795580000,0x000000079bd80000)
  from space 13312K, 24% used [0x000000079bd80000,0x000000079c0a2230,0x000000079ca80000)
  to   space 12800K, 0% used [0x00000007a0800000,0x00000007a0800000,0x00000007a1480000)
 ParOldGen       total 56320K, used 17695K [0x0000000740000000, 0x0000000743700000, 0x0000000795580000)
  object space 56320K, 31% used [0x0000000740000000,0x0000000741147f08,0x0000000743700000)
 Metaspace       used 29156K, capacity 30808K, committed 31104K, reserved 1077248K
  class space    used 3880K, capacity 4181K, committed 4224K, reserved 1048576K
}
Event: 54.184 GC heap before
{Heap before GC invocations=13 (full 1):
 PSYoungGen      total 119808K, used 109704K [0x0000000795580000, 0x00000007a1480000, 0x00000007c0000000)
  eden space 106496K, 100% used [0x0000000795580000,0x000000079bd80000,0x000000079bd80000)
  from space 13312K, 24% used [0x000000079bd80000,0x000000079c0a2230,0x000000079ca80000)
  to   space 12800K, 0% used [0x00000007a0800000,0x00000007a0800000,0x00000007a1480000)
 ParOldGen       total 56320K, used 17698K [0x0000000740000000, 0x0000000743700000, 0x0000000795580000)
  object space 56320K, 31% used [0x0000000740000000,0x0000000741148888,0x0000000743700000)
 Metaspace       used 29460K, capacity 31140K, committed 31360K, reserved 1077248K
  class space    used 3895K, capacity 4201K, committed 4224K, reserved 1048576K
Event: 54.192 GC heap after
Heap after GC invocations=13 (full 1):
 PSYoungGen      total 182784K, used 1865K [0x0000000795580000, 0x00000007a1480000, 0x00000007c0000000)
  eden space 169984K, 0% used [0x0000000795580000,0x0000000795580000,0x000000079fb80000)
  from space 12800K, 14% used [0x00000007a0800000,0x00000007a09d24c0,0x00000007a1480000)
  to   space 12800K, 0% used [0x000000079fb80000,0x000000079fb80000,0x00000007a0800000)
 ParOldGen       total 56320K, used 20271K [0x0000000740000000, 0x0000000743700000, 0x0000000795580000)
  object space 56320K, 35% used [0x0000000740000000,0x00000007413cbd08,0x0000000743700000)
 Metaspace       used 29460K, capacity 31140K, committed 31360K, reserved 1077248K
  class space    used 3895K, capacity 4201K, committed 4224K, reserved 1048576K
}
Event: 66.022 GC heap before
{Heap before GC invocations=14 (full 1):
 PSYoungGen      total 182784K, used 171849K [0x0000000795580000, 0x00000007a1480000, 0x00000007c0000000)
  eden space 169984K, 100% used [0x0000000795580000,0x000000079fb80000,0x000000079fb80000)
  from space 12800K, 14% used [0x00000007a0800000,0x00000007a09d24c0,0x00000007a1480000)
  to   space 12800K, 0% used [0x000000079fb80000,0x000000079fb80000,0x00000007a0800000)
 ParOldGen       total 56320K, used 20274K [0x0000000740000000, 0x0000000743700000, 0x0000000795580000)
  object space 56320K, 35% used [0x0000000740000000,0x00000007413ccbd8,0x0000000743700000)
 Metaspace       used 29668K, capacity 31350K, committed 31616K, reserved 1077248K
  class space    used 3901K, capacity 4204K, committed 4224K, reserved 1048576K
Event: 66.027 GC heap after
Heap after GC invocations=14 (full 1):
 PSYoungGen      total 182784K, used 1301K [0x0000000795580000, 0x00000007a7600000, 0x00000007c0000000)
  eden space 169984K, 0% used [0x0000000795580000,0x0000000795580000,0x000000079fb80000)
  from space 12800K, 10% used [0x000000079fb80000,0x000000079fcc5630,0x00000007a0800000)
  to   space 12288K, 0% used [0x00000007a6a00000,0x00000007a6a00000,0x00000007a7600000)
 ParOldGen       total 56320K, used 21967K [0x0000000740000000, 0x0000000743700000, 0x0000000795580000)
  object space 56320K, 39% used [0x0000000740000000,0x0000000741573cf0,0x0000000743700000)
 Metaspace       used 29668K, capacity 31350K, committed 31616K, reserved 1077248K
  class space    used 3901K, capacity 4204K, committed 4224K, reserved 1048576K
}
Event: 68.228 GC heap before
{Heap before GC invocations=15 (full 1):
 PSYoungGen      total 182784K, used 171285K [0x0000000795580000, 0x00000007a7600000, 0x00000007c0000000)
  eden space 169984K, 100% used [0x0000000795580000,0x000000079fb80000,0x000000079fb80000)
  from space 12800K, 10% used [0x000000079fb80000,0x000000079fcc5630,0x00000007a0800000)
  to   space 12288K, 0% used [0x00000007a6a00000,0x00000007a6a00000,0x00000007a7600000)
 ParOldGen       total 56320K, used 21967K [0x0000000740000000, 0x0000000743700000, 0x0000000795580000)
  object space 56320K, 39% used [0x0000000740000000,0x0000000741573f00,0x0000000743700000)
 Metaspace       used 29697K, capacity 31350K, committed 31616K, reserved 1077248K
  class space    used 3901K, capacity 4204K, committed 4224K, reserved 1048576K
Event: 68.231 GC heap after
Heap after GC invocations=15 (full 1):
 PSYoungGen      total 281088K, used 192K [0x0000000795580000, 0x00000007a7500000, 0x00000007c0000000)
  eden space 269824K, 0% used [0x0000000795580000,0x0000000795580000,0x00000007a5d00000)
  from space 11264K, 1% used [0x00000007a6a00000,0x00000007a6a30000,0x00000007a7500000)
  to   space 12288K, 0% used [0x00000007a5d00000,0x00000007a5d00000,0x00000007a6900000)
 ParOldGen       total 56320K, used 22588K [0x0000000740000000, 0x0000000743700000, 0x0000000795580000)
  object space 56320K, 40% used [0x0000000740000000,0x000000074160f1b0,0x0000000743700000)
 Metaspace       used 29697K, capacity 31350K, committed 31616K, reserved 1077248K
  class space    used 3901K, capacity 4204K, committed 4224K, reserved 1048576K
}
Event: 76.281 GC heap before
{Heap before GC invocations=16 (full 1):
 PSYoungGen      total 281088K, used 270016K [0x0000000795580000, 0x00000007a7500000, 0x00000007c0000000)
  eden space 269824K, 100% used [0x0000000795580000,0x00000007a5d00000,0x00000007a5d00000)
  from space 11264K, 1% used [0x00000007a6a00000,0x00000007a6a30000,0x00000007a7500000)
  to   space 12288K, 0% used [0x00000007a5d00000,0x00000007a5d00000,0x00000007a6900000)
 ParOldGen       total 56320K, used 22623K [0x0000000740000000, 0x0000000743700000, 0x0000000795580000)
  object space 56320K, 40% used [0x0000000740000000,0x0000000741617ee8,0x0000000743700000)
 Metaspace       used 29833K, capacity 31518K, committed 31616K, reserved 1077248K
  class space    used 3905K, capacity 4210K, committed 4224K, reserved 1048576K
Event: 76.286 GC heap after
Heap after GC invocations=16 (full 1):
 PSYoungGen      total 282112K, used 5074K [0x0000000795580000, 0x00000007b0d80000, 0x00000007c0000000)
  eden space 269824K, 0% used [0x0000000795580000,0x0000000795580000,0x00000007a5d00000)
  from space 12288K, 41% used [0x00000007a5d00000,0x00000007a61f4a08,0x00000007a6900000)
  to   space 11776K, 0% used [0x00000007b0200000,0x00000007b0200000,0x00000007b0d80000)
 ParOldGen       total 56320K, used 22671K [0x0000000740000000, 0x0000000743700000, 0x0000000795580000)
  object space 56320K, 40% used [0x0000000740000000,0x0000000741623ef8,0x0000000743700000)
 Metaspace       used 29833K, capacity 31518K, committed 31616K, reserved 1077248K
  class space    used 3905K, capacity 4210K, committed 4224K, reserved 1048576K
}

